  [4;36;1mSQL (0.4ms)[0m   [0;1m SELECT name
 FROM sqlite_master
 WHERE type = 'table' AND NOT name = 'sqlite_sequence'
[0m
  [4;35;1mSQL (0.2ms)[0m   [0mselect sqlite_version(*)[0m
  [4;36;1mSQL (100.4ms)[0m   [0;1mCREATE TABLE "schema_migrations" ("version" varchar(255) NOT NULL) [0m
  [4;35;1mSQL (0.2ms)[0m   [0mPRAGMA index_list("schema_migrations")[0m
  [4;36;1mSQL (69.3ms)[0m   [0;1mCREATE UNIQUE INDEX "unique_schema_migrations" ON "schema_migrations" ("version")[0m
  [4;35;1mSQL (0.4ms)[0m   [0m SELECT name
 FROM sqlite_master
 WHERE type = 'table' AND NOT name = 'sqlite_sequence'
[0m
  [4;36;1mSQL (0.2ms)[0m   [0;1mSELECT version FROM schema_migrations[0m
Migrating to CreateUsers (20100602091823)
  [4;35;1mSQL (0.5ms)[0m   [0mCREATE TABLE "users" ("id" INTEGER PRIMARY KEY AUTOINCREMENT NOT NULL, "name" varchar(255), "email" varchar(255), "created_at" datetime, "updated_at" datetime) [0m
  [4;36;1mSQL (0.1ms)[0m   [0;1mINSERT INTO schema_migrations (version) VALUES ('20100602091823')[0m
  [4;35;1mSQL (0.6ms)[0m   [0m SELECT name
 FROM sqlite_master
 WHERE type = 'table' AND NOT name = 'sqlite_sequence'
[0m
  [4;36;1mSQL (0.3ms)[0m   [0;1mSELECT version FROM schema_migrations[0m
  [4;35;1mSQL (0.5ms)[0m   [0m SELECT name
 FROM sqlite_master
 WHERE type = 'table' AND NOT name = 'sqlite_sequence'
[0m
  [4;36;1mSQL (0.1ms)[0m   [0;1mPRAGMA index_list("users")[0m


Processing UsersController#index (for 127.0.0.1 at 2010-06-02 11:21:32) [GET]
  [4;36;1mUser Load (0.5ms)[0m   [0;1mSELECT * FROM "users" [0m
Rendering template within layouts/users
Rendering users/index
Completed in 30ms (View: 22, DB: 1) | 200 OK [http://localhost/users]


Processing UsersController#new (for 127.0.0.1 at 2010-06-02 11:21:39) [GET]
Rendering template within layouts/users
Rendering users/new
Completed in 24ms (View: 16, DB: 0) | 200 OK [http://localhost/users/new]


Processing UsersController#index (for 127.0.0.1 at 2010-06-02 11:21:43) [GET]
  [4;35;1mUser Load (0.4ms)[0m   [0mSELECT * FROM "users" [0m
Rendering template within layouts/users
Rendering users/index
Completed in 9ms (View: 2, DB: 0) | 200 OK [http://localhost/users]


Processing UsersController#index (for 127.0.0.1 at 2010-06-02 11:22:17) [GET]
  [4;36;1mUser Load (0.4ms)[0m   [0;1mSELECT * FROM "users" [0m
Rendering template within layouts/users
Rendering users/index
Completed in 18ms (View: 4, DB: 0) | 200 OK [http://localhost/users]


Processing UsersController#new (for 127.0.0.1 at 2010-06-02 11:22:21) [GET]
Rendering template within layouts/users
Rendering users/new
Completed in 17ms (View: 9, DB: 0) | 200 OK [http://localhost/users/new]


Processing UsersController#create (for 127.0.0.1 at 2010-06-02 11:22:40) [POST]
  Parameters: {"commit"=>"Create", "authenticity_token"=>"xxUJVQbUdjB/+SWqHYCJY5hdgz668c7Qm0BtfASL/Zk=", "user"=>{"name"=>"Paul P", "email"=>"pawel.linx@gmail.com"}}
  [4;35;1mUser Create (0.5ms)[0m   [0mINSERT INTO "users" ("name", "created_at", "updated_at", "email") VALUES('Paul P', '2010-06-02 09:22:40', '2010-06-02 09:22:40', 'pawel.linx@gmail.com')[0m
Redirected to http://localhost:3000/users/1
Completed in 98ms (DB: 0) | 302 Found [http://localhost/users]


Processing UsersController#show (for 127.0.0.1 at 2010-06-02 11:22:40) [GET]
  Parameters: {"id"=>"1"}
  [4;36;1mUser Load (0.3ms)[0m   [0;1mSELECT * FROM "users" WHERE ("users"."id" = 1) [0m
Rendering template within layouts/users
Rendering users/show
Completed in 19ms (View: 8, DB: 0) | 200 OK [http://localhost/users/1]


Processing UsersController#index (for 127.0.0.1 at 2010-06-02 11:23:10) [GET]
  [4;35;1mUser Load (0.6ms)[0m   [0mSELECT * FROM "users" [0m
Rendering template within layouts/users
Rendering users/index
Completed in 83ms (View: 74, DB: 1) | 200 OK [http://localhost/users]


Processing UsersController#new (for 127.0.0.1 at 2010-06-02 11:50:19) [GET]
Rendering template within layouts/users
Rendering users/new
Completed in 18ms (View: 9, DB: 0) | 200 OK [http://localhost/users/new]


Processing UsersController#create (for 127.0.0.1 at 2010-06-02 11:50:38) [POST]
  Parameters: {"commit"=>"Create", "authenticity_token"=>"xxUJVQbUdjB/+SWqHYCJY5hdgz668c7Qm0BtfASL/Zk=", "user"=>{"name"=>"Jan Kowalski", "email"=>"kowalski@o2.pl"}}
  [4;36;1mUser Create (0.3ms)[0m   [0;1mINSERT INTO "users" ("name", "created_at", "updated_at", "email") VALUES('Jan Kowalski', '2010-06-02 09:50:38', '2010-06-02 09:50:38', 'kowalski@o2.pl')[0m
Redirected to http://localhost:3000/users/2
Completed in 106ms (DB: 0) | 302 Found [http://localhost/users]


Processing UsersController#show (for 127.0.0.1 at 2010-06-02 11:50:38) [GET]
  Parameters: {"id"=>"2"}
  [4;35;1mUser Load (0.3ms)[0m   [0mSELECT * FROM "users" WHERE ("users"."id" = 2) [0m
Rendering template within layouts/users
Rendering users/show
Completed in 12ms (View: 3, DB: 0) | 200 OK [http://localhost/users/2]


Processing UsersController#index (for 127.0.0.1 at 2010-06-02 11:50:42) [GET]
  [4;36;1mUser Load (0.7ms)[0m   [0;1mSELECT * FROM "users" [0m
Rendering template within layouts/users
Rendering users/index
Completed in 21ms (View: 13, DB: 1) | 200 OK [http://localhost/users]
  [4;36;1mSQL (0.6ms)[0m   [0;1m SELECT name
 FROM sqlite_master
 WHERE type = 'table' AND NOT name = 'sqlite_sequence'
[0m
  [4;35;1mSQL (0.2ms)[0m   [0mSELECT version FROM schema_migrations[0m
Migrating to CreateUsers (20100602091823)
Migrating to CreateMicroposts (20100602100938)
  [4;36;1mSQL (0.2ms)[0m   [0;1mselect sqlite_version(*)[0m
  [4;35;1mSQL (0.5ms)[0m   [0mCREATE TABLE "microposts" ("id" INTEGER PRIMARY KEY AUTOINCREMENT NOT NULL, "content" varchar(255), "user_id" integer, "created_at" datetime, "updated_at" datetime) [0m
  [4;36;1mSQL (0.1ms)[0m   [0;1mINSERT INTO schema_migrations (version) VALUES ('20100602100938')[0m
  [4;35;1mSQL (0.4ms)[0m   [0m SELECT name
 FROM sqlite_master
 WHERE type = 'table' AND NOT name = 'sqlite_sequence'
[0m
  [4;36;1mSQL (0.2ms)[0m   [0;1mSELECT version FROM schema_migrations[0m
  [4;35;1mSQL (0.3ms)[0m   [0m SELECT name
 FROM sqlite_master
 WHERE type = 'table' AND NOT name = 'sqlite_sequence'
[0m
  [4;36;1mSQL (0.1ms)[0m   [0;1mPRAGMA index_list("microposts")[0m
  [4;35;1mSQL (0.1ms)[0m   [0mPRAGMA index_list("users")[0m


Processing MicropostsController#index (for 127.0.0.1 at 2010-06-02 12:12:03) [GET]
  [4;36;1mMicropost Load (0.5ms)[0m   [0;1mSELECT * FROM "microposts" [0m
Rendering template within layouts/microposts
Rendering microposts/index
Completed in 24ms (View: 16, DB: 1) | 200 OK [http://localhost/microposts]


Processing MicropostsController#new (for 127.0.0.1 at 2010-06-02 12:12:10) [GET]
Rendering template within layouts/microposts
Rendering microposts/new
Completed in 25ms (View: 16, DB: 0) | 200 OK [http://localhost/microposts/new]


Processing MicropostsController#new (for 127.0.0.1 at 2010-06-02 12:14:33) [GET]
Rendering template within layouts/microposts
Rendering microposts/new
Completed in 18ms (View: 9, DB: 0) | 200 OK [http://localhost/microposts/new]


Processing MicropostsController#create (for 127.0.0.1 at 2010-06-02 12:14:46) [POST]
  Parameters: {"commit"=>"Create", "micropost"=>{"user_id"=>"dassdasdasasdadas", "content"=>"wqqqqqqqqqqqqqqqqqqqqqqqqqqqqqqqqqqqqqqqqqqqqqqqqqqqqqqqqqqqqqqqqqqqqqqqqqqqqqqqq2211111111111111111111111111113333333333333333333333333333333"}, "authenticity_token"=>"xxUJVQbUdjB/+SWqHYCJY5hdgz668c7Qm0BtfASL/Zk="}
Rendering template within layouts/microposts
Rendering microposts/new
Completed in 25ms (View: 13, DB: 0) | 200 OK [http://localhost/microposts]


Processing MicropostsController#create (for 127.0.0.1 at 2010-06-02 12:15:27) [POST]
  Parameters: {"commit"=>"Create", "micropost"=>{"user_id"=>"1", "content"=>"First micropost"}, "authenticity_token"=>"xxUJVQbUdjB/+SWqHYCJY5hdgz668c7Qm0BtfASL/Zk="}
  [4;35;1mMicropost Create (0.5ms)[0m   [0mINSERT INTO "microposts" ("created_at", "updated_at", "user_id", "content") VALUES('2010-06-02 10:15:27', '2010-06-02 10:15:27', 1, 'First micropost')[0m
Redirected to http://localhost:3000/microposts/1
Completed in 94ms (DB: 0) | 302 Found [http://localhost/microposts]


Processing MicropostsController#show (for 127.0.0.1 at 2010-06-02 12:15:27) [GET]
  Parameters: {"id"=>"1"}
  [4;36;1mMicropost Load (0.3ms)[0m   [0;1mSELECT * FROM "microposts" WHERE ("microposts"."id" = 1) [0m
Rendering template within layouts/microposts
Rendering microposts/show
Completed in 19ms (View: 9, DB: 0) | 200 OK [http://localhost/microposts/1]


Processing MicropostsController#index (for 127.0.0.1 at 2010-06-02 12:15:31) [GET]
  [4;35;1mMicropost Load (0.6ms)[0m   [0mSELECT * FROM "microposts" [0m
Rendering template within layouts/microposts
Rendering microposts/index
Completed in 82ms (View: 9, DB: 1) | 200 OK [http://localhost/microposts]


Processing MicropostsController#new (for 127.0.0.1 at 2010-06-02 12:15:36) [GET]
Rendering template within layouts/microposts
Rendering microposts/new
Completed in 18ms (View: 9, DB: 0) | 200 OK [http://localhost/microposts/new]


Processing MicropostsController#create (for 127.0.0.1 at 2010-06-02 12:15:47) [POST]
  Parameters: {"commit"=>"Create", "micropost"=>{"user_id"=>"1", "content"=>"Second micropost"}, "authenticity_token"=>"xxUJVQbUdjB/+SWqHYCJY5hdgz668c7Qm0BtfASL/Zk="}
  [4;36;1mMicropost Create (0.3ms)[0m   [0;1mINSERT INTO "microposts" ("created_at", "updated_at", "user_id", "content") VALUES('2010-06-02 10:15:47', '2010-06-02 10:15:47', 1, 'Second micropost')[0m
Redirected to http://localhost:3000/microposts/2
Completed in 101ms (DB: 0) | 302 Found [http://localhost/microposts]


Processing MicropostsController#show (for 127.0.0.1 at 2010-06-02 12:15:47) [GET]
  Parameters: {"id"=>"2"}
  [4;35;1mMicropost Load (0.4ms)[0m   [0mSELECT * FROM "microposts" WHERE ("microposts"."id" = 2) [0m
Rendering template within layouts/microposts
Rendering microposts/show
Completed in 14ms (View: 3, DB: 0) | 200 OK [http://localhost/microposts/2]
  [4;36;1mUser Load (0.7ms)[0m   [0;1mSELECT * FROM "users" LIMIT 1[0m
  [4;35;1mMicropost Load (0.9ms)[0m   [0mSELECT * FROM "microposts" WHERE ("microposts".user_id = 1) [0m
